<?xml version="1.0" encoding="UTF-8"?>
<!-- Generated by org.testng.reporters.JUnitReportReporter -->
<testsuite skipped="0" hostname="L1024195" name="afw.TestCases.HomePageTest" tests="3" failures="0" timestamp="28 May 2020 00:18:33 GMT" time="140.102" errors="0">
  <testcase name="Homepagetitletest" time="40.950" classname="afw.TestCases.HomePageTest"/>
  <testcase name="Homepagelogotest" time="49.740" classname="afw.TestCases.HomePageTest"/>
  <testcase name="SigninTest" time="49.412" classname="afw.TestCases.HomePageTest"/>
</testsuite> <!-- afw.TestCases.HomePageTest -->
